[     804ms] [INFO] %cDownload the React DevTools for a better development experience: https://react.dev/link/react-devtools font-weight:bold @ http://localhost:5173/node_modules/.vite/deps/react-dom_client.js?v=f490b617:20102
[    1365ms] [ERROR] [agentStore] Failed to hydrate threads: TypeError: Cannot read properties of undefined (reading 'thread:list')
    at Object.hydrateOnStart (http://localhost:5173/src/renderer/store/agentStore.ts:392:47)
    at http://localhost:5173/src/renderer/App.tsx:99:30
    at Object.react_stack_bottom_frame (http://localhost:5173/node_modules/.vite/deps/react-dom_client.js?v=f490b617:18567:20)
    at runWithFiberInDEV (http://localhost:5173/node_modules/.vite/deps/react-dom_client.js?v=f490b617:997:72)
    at commitHookEffectListMount (http://localhost:5173/node_modules/.vite/deps/react-dom_client.js?v=f490b617:9411:163)
    at commitHookPassiveMountEffects (http://localhost:5173/node_modules/.vite/deps/react-dom_client.js?v=f490b617:9465:60)
    at commitPassiveMountOnFiber (http://localhost:5173/node_modules/.vite/deps/react-dom_client.js?v=f490b617:11040:29)
    at recursivelyTraversePassiveMountEffects (http://localhost:5173/node_modules/.vite/deps/react-dom_client.js?v=f490b617:11010:13)
    at commitPassiveMountOnFiber (http://localhost:5173/node_modules/.vite/deps/react-dom_client.js?v=f490b617:11201:13)
    at recursivelyTraversePassiveMountEffects (http://localhost:5173/node_modules/.vite/deps/react-dom_client.js?v=f490b617:11010:13) @ http://localhost:5173/src/renderer/store/agentStore.ts:396
[    1366ms] [ERROR] [agentStore] Failed to load adapter preferences: TypeError: Cannot read properties of undefined (reading 'settings:getAdapterPreferences')
    at Object.loadAdapterPreferences (http://localhost:5173/src/renderer/store/agentStore.ts:20:45)
    at Object.hydrateOnStart (http://localhost:5173/src/renderer/store/agentStore.ts:399:11)
    at http://localhost:5173/src/renderer/App.tsx:99:30
    at Object.react_stack_bottom_frame (http://localhost:5173/node_modules/.vite/deps/react-dom_client.js?v=f490b617:18567:20)
    at runWithFiberInDEV (http://localhost:5173/node_modules/.vite/deps/react-dom_client.js?v=f490b617:997:72)
    at commitHookEffectListMount (http://localhost:5173/node_modules/.vite/deps/react-dom_client.js?v=f490b617:9411:163)
    at commitHookPassiveMountEffects (http://localhost:5173/node_modules/.vite/deps/react-dom_client.js?v=f490b617:9465:60)
    at commitPassiveMountOnFiber (http://localhost:5173/node_modules/.vite/deps/react-dom_client.js?v=f490b617:11040:29)
    at recursivelyTraversePassiveMountEffects (http://localhost:5173/node_modules/.vite/deps/react-dom_client.js?v=f490b617:11010:13)
    at commitPassiveMountOnFiber (http://localhost:5173/node_modules/.vite/deps/react-dom_client.js?v=f490b617:11201:13) @ http://localhost:5173/src/renderer/store/agentStore.ts:22
[    1366ms] [ERROR] [agentStore] Failed to load marketplace items: TypeError: Cannot read properties of undefined (reading 'agent:getAdapterMarketplace')
    at Object.loadMarketplaceItems (http://localhost:5173/src/renderer/store/agentStore.ts:36:45)
    at Object.hydrateOnStart (http://localhost:5173/src/renderer/store/agentStore.ts:401:11)
    at http://localhost:5173/src/renderer/App.tsx:99:30
    at Object.react_stack_bottom_frame (http://localhost:5173/node_modules/.vite/deps/react-dom_client.js?v=f490b617:18567:20)
    at runWithFiberInDEV (http://localhost:5173/node_modules/.vite/deps/react-dom_client.js?v=f490b617:997:72)
    at commitHookEffectListMount (http://localhost:5173/node_modules/.vite/deps/react-dom_client.js?v=f490b617:9411:163)
    at commitHookPassiveMountEffects (http://localhost:5173/node_modules/.vite/deps/react-dom_client.js?v=f490b617:9465:60)
    at commitPassiveMountOnFiber (http://localhost:5173/node_modules/.vite/deps/react-dom_client.js?v=f490b617:11040:29)
    at recursivelyTraversePassiveMountEffects (http://localhost:5173/node_modules/.vite/deps/react-dom_client.js?v=f490b617:11010:13)
    at commitPassiveMountOnFiber (http://localhost:5173/node_modules/.vite/deps/react-dom_client.js?v=f490b617:11201:13) @ http://localhost:5173/src/renderer/store/agentStore.ts:38
[    1368ms] [ERROR] [agentStore] Failed to hydrate threads: TypeError: Cannot read properties of undefined (reading 'thread:list')
    at Object.hydrateOnStart (http://localhost:5173/src/renderer/store/agentStore.ts:392:47)
    at http://localhost:5173/src/renderer/App.tsx:99:30
    at Object.react_stack_bottom_frame (http://localhost:5173/node_modules/.vite/deps/react-dom_client.js?v=f490b617:18567:20)
    at runWithFiberInDEV (http://localhost:5173/node_modules/.vite/deps/react-dom_client.js?v=f490b617:997:72)
    at commitHookEffectListMount (http://localhost:5173/node_modules/.vite/deps/react-dom_client.js?v=f490b617:9411:163)
    at commitHookPassiveMountEffects (http://localhost:5173/node_modules/.vite/deps/react-dom_client.js?v=f490b617:9465:60)
    at reconnectPassiveEffects (http://localhost:5173/node_modules/.vite/deps/react-dom_client.js?v=f490b617:11273:13)
    at recursivelyTraverseReconnectPassiveEffects (http://localhost:5173/node_modules/.vite/deps/react-dom_client.js?v=f490b617:11240:11)
    at reconnectPassiveEffects (http://localhost:5173/node_modules/.vite/deps/react-dom_client.js?v=f490b617:11317:13)
    at doubleInvokeEffectsOnFiber (http://localhost:5173/node_modules/.vite/deps/react-dom_client.js?v=f490b617:13339:135) @ http://localhost:5173/src/renderer/store/agentStore.ts:396
[    1368ms] [ERROR] [agentStore] Failed to load adapter preferences: TypeError: Cannot read properties of undefined (reading 'settings:getAdapterPreferences')
    at Object.loadAdapterPreferences (http://localhost:5173/src/renderer/store/agentStore.ts:20:45)
    at Object.hydrateOnStart (http://localhost:5173/src/renderer/store/agentStore.ts:399:11)
    at http://localhost:5173/src/renderer/App.tsx:99:30
    at Object.react_stack_bottom_frame (http://localhost:5173/node_modules/.vite/deps/react-dom_client.js?v=f490b617:18567:20)
    at runWithFiberInDEV (http://localhost:5173/node_modules/.vite/deps/react-dom_client.js?v=f490b617:997:72)
    at commitHookEffectListMount (http://localhost:5173/node_modules/.vite/deps/react-dom_client.js?v=f490b617:9411:163)
    at commitHookPassiveMountEffects (http://localhost:5173/node_modules/.vite/deps/react-dom_client.js?v=f490b617:9465:60)
    at reconnectPassiveEffects (http://localhost:5173/node_modules/.vite/deps/react-dom_client.js?v=f490b617:11273:13)
    at recursivelyTraverseReconnectPassiveEffects (http://localhost:5173/node_modules/.vite/deps/react-dom_client.js?v=f490b617:11240:11)
    at reconnectPassiveEffects (http://localhost:5173/node_modules/.vite/deps/react-dom_client.js?v=f490b617:11317:13) @ http://localhost:5173/src/renderer/store/agentStore.ts:22
[    1369ms] [ERROR] [agentStore] Failed to load marketplace items: TypeError: Cannot read properties of undefined (reading 'agent:getAdapterMarketplace')
    at Object.loadMarketplaceItems (http://localhost:5173/src/renderer/store/agentStore.ts:36:45)
    at Object.hydrateOnStart (http://localhost:5173/src/renderer/store/agentStore.ts:401:11)
    at http://localhost:5173/src/renderer/App.tsx:99:30
    at Object.react_stack_bottom_frame (http://localhost:5173/node_modules/.vite/deps/react-dom_client.js?v=f490b617:18567:20)
    at runWithFiberInDEV (http://localhost:5173/node_modules/.vite/deps/react-dom_client.js?v=f490b617:997:72)
    at commitHookEffectListMount (http://localhost:5173/node_modules/.vite/deps/react-dom_client.js?v=f490b617:9411:163)
    at commitHookPassiveMountEffects (http://localhost:5173/node_modules/.vite/deps/react-dom_client.js?v=f490b617:9465:60)
    at reconnectPassiveEffects (http://localhost:5173/node_modules/.vite/deps/react-dom_client.js?v=f490b617:11273:13)
    at recursivelyTraverseReconnectPassiveEffects (http://localhost:5173/node_modules/.vite/deps/react-dom_client.js?v=f490b617:11240:11)
    at reconnectPassiveEffects (http://localhost:5173/node_modules/.vite/deps/react-dom_client.js?v=f490b617:11317:13) @ http://localhost:5173/src/renderer/store/agentStore.ts:38
[    1377ms] TypeError: Cannot read properties of undefined (reading 'graph:list')
    at loadGraphs (http://localhost:5173/src/renderer/store/graphStore.ts:33:46)
    at http://localhost:5173/src/renderer/App.tsx:98:5
    at Object.react_stack_bottom_frame (http://localhost:5173/node_modules/.vite/deps/react-dom_client.js?v=f490b617:18567:20)
    at runWithFiberInDEV (http://localhost:5173/node_modules/.vite/deps/react-dom_client.js?v=f490b617:997:72)
    at commitHookEffectListMount (http://localhost:5173/node_modules/.vite/deps/react-dom_client.js?v=f490b617:9411:163)
    at commitHookPassiveMountEffects (http://localhost:5173/node_modules/.vite/deps/react-dom_client.js?v=f490b617:9465:60)
    at commitPassiveMountOnFiber (http://localhost:5173/node_modules/.vite/deps/react-dom_client.js?v=f490b617:11040:29)
    at recursivelyTraversePassiveMountEffects (http://localhost:5173/node_modules/.vite/deps/react-dom_client.js?v=f490b617:11010:13)
    at commitPassiveMountOnFiber (http://localhost:5173/node_modules/.vite/deps/react-dom_client.js?v=f490b617:11201:13)
    at recursivelyTraversePassiveMountEffects (http://localhost:5173/node_modules/.vite/deps/react-dom_client.js?v=f490b617:11010:13)
[    1377ms] TypeError: Cannot read properties of undefined (reading 'agent:listAdapters')
    at Object.loadAdapters (http://localhost:5173/src/renderer/store/agentStore.ts:15:46)
    at Object.hydrateOnStart (http://localhost:5173/src/renderer/store/agentStore.ts:400:11)
    at http://localhost:5173/src/renderer/App.tsx:99:30
    at Object.react_stack_bottom_frame (http://localhost:5173/node_modules/.vite/deps/react-dom_client.js?v=f490b617:18567:20)
    at runWithFiberInDEV (http://localhost:5173/node_modules/.vite/deps/react-dom_client.js?v=f490b617:997:72)
    at commitHookEffectListMount (http://localhost:5173/node_modules/.vite/deps/react-dom_client.js?v=f490b617:9411:163)
    at commitHookPassiveMountEffects (http://localhost:5173/node_modules/.vite/deps/react-dom_client.js?v=f490b617:9465:60)
    at commitPassiveMountOnFiber (http://localhost:5173/node_modules/.vite/deps/react-dom_client.js?v=f490b617:11040:29)
    at recursivelyTraversePassiveMountEffects (http://localhost:5173/node_modules/.vite/deps/react-dom_client.js?v=f490b617:11010:13)
    at commitPassiveMountOnFiber (http://localhost:5173/node_modules/.vite/deps/react-dom_client.js?v=f490b617:11201:13)
[    1377ms] TypeError: Cannot read properties of undefined (reading 'graph:list')
    at loadGraphs (http://localhost:5173/src/renderer/store/graphStore.ts:33:46)
    at http://localhost:5173/src/renderer/App.tsx:98:5
    at Object.react_stack_bottom_frame (http://localhost:5173/node_modules/.vite/deps/react-dom_client.js?v=f490b617:18567:20)
    at runWithFiberInDEV (http://localhost:5173/node_modules/.vite/deps/react-dom_client.js?v=f490b617:997:72)
    at commitHookEffectListMount (http://localhost:5173/node_modules/.vite/deps/react-dom_client.js?v=f490b617:9411:163)
    at commitHookPassiveMountEffects (http://localhost:5173/node_modules/.vite/deps/react-dom_client.js?v=f490b617:9465:60)
    at reconnectPassiveEffects (http://localhost:5173/node_modules/.vite/deps/react-dom_client.js?v=f490b617:11273:13)
    at recursivelyTraverseReconnectPassiveEffects (http://localhost:5173/node_modules/.vite/deps/react-dom_client.js?v=f490b617:11240:11)
    at reconnectPassiveEffects (http://localhost:5173/node_modules/.vite/deps/react-dom_client.js?v=f490b617:11317:13)
    at doubleInvokeEffectsOnFiber (http://localhost:5173/node_modules/.vite/deps/react-dom_client.js?v=f490b617:13339:135)
[    1377ms] TypeError: Cannot read properties of undefined (reading 'agent:listAdapters')
    at Object.loadAdapters (http://localhost:5173/src/renderer/store/agentStore.ts:15:46)
    at Object.hydrateOnStart (http://localhost:5173/src/renderer/store/agentStore.ts:400:11)
    at http://localhost:5173/src/renderer/App.tsx:99:30
    at Object.react_stack_bottom_frame (http://localhost:5173/node_modules/.vite/deps/react-dom_client.js?v=f490b617:18567:20)
    at runWithFiberInDEV (http://localhost:5173/node_modules/.vite/deps/react-dom_client.js?v=f490b617:997:72)
    at commitHookEffectListMount (http://localhost:5173/node_modules/.vite/deps/react-dom_client.js?v=f490b617:9411:163)
    at commitHookPassiveMountEffects (http://localhost:5173/node_modules/.vite/deps/react-dom_client.js?v=f490b617:9465:60)
    at reconnectPassiveEffects (http://localhost:5173/node_modules/.vite/deps/react-dom_client.js?v=f490b617:11273:13)
    at recursivelyTraverseReconnectPassiveEffects (http://localhost:5173/node_modules/.vite/deps/react-dom_client.js?v=f490b617:11240:11)
    at reconnectPassiveEffects (http://localhost:5173/node_modules/.vite/deps/react-dom_client.js?v=f490b617:11317:13)
[  259552ms] [INFO] %cDownload the React DevTools for a better development experience: https://react.dev/link/react-devtools font-weight:bold @ http://localhost:5173/node_modules/.vite/deps/react-dom_client.js?v=68f0809d:20102
[  259875ms] [ERROR] [agentStore] Failed to hydrate threads: TypeError: Cannot read properties of undefined (reading 'thread:list')
    at Object.hydrateOnStart (http://localhost:5173/src/renderer/store/agentStore.ts:392:47)
    at http://localhost:5173/src/renderer/App.tsx?t=1781579823928:99:30
    at Object.react_stack_bottom_frame (http://localhost:5173/node_modules/.vite/deps/react-dom_client.js?v=68f0809d:18567:20)
    at runWithFiberInDEV (http://localhost:5173/node_modules/.vite/deps/react-dom_client.js?v=68f0809d:997:72)
    at commitHookEffectListMount (http://localhost:5173/node_modules/.vite/deps/react-dom_client.js?v=68f0809d:9411:163)
    at commitHookPassiveMountEffects (http://localhost:5173/node_modules/.vite/deps/react-dom_client.js?v=68f0809d:9465:60)
    at commitPassiveMountOnFiber (http://localhost:5173/node_modules/.vite/deps/react-dom_client.js?v=68f0809d:11040:29)
    at recursivelyTraversePassiveMountEffects (http://localhost:5173/node_modules/.vite/deps/react-dom_client.js?v=68f0809d:11010:13)
    at commitPassiveMountOnFiber (http://localhost:5173/node_modules/.vite/deps/react-dom_client.js?v=68f0809d:11201:13)
    at recursivelyTraversePassiveMountEffects (http://localhost:5173/node_modules/.vite/deps/react-dom_client.js?v=68f0809d:11010:13) @ http://localhost:5173/src/renderer/store/agentStore.ts:396
[  259875ms] [ERROR] [agentStore] Failed to load adapter preferences: TypeError: Cannot read properties of undefined (reading 'settings:getAdapterPreferences')
    at Object.loadAdapterPreferences (http://localhost:5173/src/renderer/store/agentStore.ts:20:45)
    at Object.hydrateOnStart (http://localhost:5173/src/renderer/store/agentStore.ts:399:11)
    at http://localhost:5173/src/renderer/App.tsx?t=1781579823928:99:30
    at Object.react_stack_bottom_frame (http://localhost:5173/node_modules/.vite/deps/react-dom_client.js?v=68f0809d:18567:20)
    at runWithFiberInDEV (http://localhost:5173/node_modules/.vite/deps/react-dom_client.js?v=68f0809d:997:72)
    at commitHookEffectListMount (http://localhost:5173/node_modules/.vite/deps/react-dom_client.js?v=68f0809d:9411:163)
    at commitHookPassiveMountEffects (http://localhost:5173/node_modules/.vite/deps/react-dom_client.js?v=68f0809d:9465:60)
    at commitPassiveMountOnFiber (http://localhost:5173/node_modules/.vite/deps/react-dom_client.js?v=68f0809d:11040:29)
    at recursivelyTraversePassiveMountEffects (http://localhost:5173/node_modules/.vite/deps/react-dom_client.js?v=68f0809d:11010:13)
    at commitPassiveMountOnFiber (http://localhost:5173/node_modules/.vite/deps/react-dom_client.js?v=68f0809d:11201:13) @ http://localhost:5173/src/renderer/store/agentStore.ts:22
[  259875ms] [ERROR] [agentStore] Failed to load marketplace items: TypeError: Cannot read properties of undefined (reading 'agent:getAdapterMarketplace')
    at Object.loadMarketplaceItems (http://localhost:5173/src/renderer/store/agentStore.ts:36:45)
    at Object.hydrateOnStart (http://localhost:5173/src/renderer/store/agentStore.ts:401:11)
    at http://localhost:5173/src/renderer/App.tsx?t=1781579823928:99:30
    at Object.react_stack_bottom_frame (http://localhost:5173/node_modules/.vite/deps/react-dom_client.js?v=68f0809d:18567:20)
    at runWithFiberInDEV (http://localhost:5173/node_modules/.vite/deps/react-dom_client.js?v=68f0809d:997:72)
    at commitHookEffectListMount (http://localhost:5173/node_modules/.vite/deps/react-dom_client.js?v=68f0809d:9411:163)
    at commitHookPassiveMountEffects (http://localhost:5173/node_modules/.vite/deps/react-dom_client.js?v=68f0809d:9465:60)
    at commitPassiveMountOnFiber (http://localhost:5173/node_modules/.vite/deps/react-dom_client.js?v=68f0809d:11040:29)
    at recursivelyTraversePassiveMountEffects (http://localhost:5173/node_modules/.vite/deps/react-dom_client.js?v=68f0809d:11010:13)
    at commitPassiveMountOnFiber (http://localhost:5173/node_modules/.vite/deps/react-dom_client.js?v=68f0809d:11201:13) @ http://localhost:5173/src/renderer/store/agentStore.ts:38
[  259877ms] [ERROR] [agentStore] Failed to hydrate threads: TypeError: Cannot read properties of undefined (reading 'thread:list')
    at Object.hydrateOnStart (http://localhost:5173/src/renderer/store/agentStore.ts:392:47)
    at http://localhost:5173/src/renderer/App.tsx?t=1781579823928:99:30
    at Object.react_stack_bottom_frame (http://localhost:5173/node_modules/.vite/deps/react-dom_client.js?v=68f0809d:18567:20)
    at runWithFiberInDEV (http://localhost:5173/node_modules/.vite/deps/react-dom_client.js?v=68f0809d:997:72)
    at commitHookEffectListMount (http://localhost:5173/node_modules/.vite/deps/react-dom_client.js?v=68f0809d:9411:163)
    at commitHookPassiveMountEffects (http://localhost:5173/node_modules/.vite/deps/react-dom_client.js?v=68f0809d:9465:60)
    at reconnectPassiveEffects (http://localhost:5173/node_modules/.vite/deps/react-dom_client.js?v=68f0809d:11273:13)
    at recursivelyTraverseReconnectPassiveEffects (http://localhost:5173/node_modules/.vite/deps/react-dom_client.js?v=68f0809d:11240:11)
    at reconnectPassiveEffects (http://localhost:5173/node_modules/.vite/deps/react-dom_client.js?v=68f0809d:11317:13)
    at doubleInvokeEffectsOnFiber (http://localhost:5173/node_modules/.vite/deps/react-dom_client.js?v=68f0809d:13339:135) @ http://localhost:5173/src/renderer/store/agentStore.ts:396
[  259878ms] [ERROR] [agentStore] Failed to load adapter preferences: TypeError: Cannot read properties of undefined (reading 'settings:getAdapterPreferences')
    at Object.loadAdapterPreferences (http://localhost:5173/src/renderer/store/agentStore.ts:20:45)
    at Object.hydrateOnStart (http://localhost:5173/src/renderer/store/agentStore.ts:399:11)
    at http://localhost:5173/src/renderer/App.tsx?t=1781579823928:99:30
    at Object.react_stack_bottom_frame (http://localhost:5173/node_modules/.vite/deps/react-dom_client.js?v=68f0809d:18567:20)
    at runWithFiberInDEV (http://localhost:5173/node_modules/.vite/deps/react-dom_client.js?v=68f0809d:997:72)
    at commitHookEffectListMount (http://localhost:5173/node_modules/.vite/deps/react-dom_client.js?v=68f0809d:9411:163)
    at commitHookPassiveMountEffects (http://localhost:5173/node_modules/.vite/deps/react-dom_client.js?v=68f0809d:9465:60)
    at reconnectPassiveEffects (http://localhost:5173/node_modules/.vite/deps/react-dom_client.js?v=68f0809d:11273:13)
    at recursivelyTraverseReconnectPassiveEffects (http://localhost:5173/node_modules/.vite/deps/react-dom_client.js?v=68f0809d:11240:11)
    at reconnectPassiveEffects (http://localhost:5173/node_modules/.vite/deps/react-dom_client.js?v=68f0809d:11317:13) @ http://localhost:5173/src/renderer/store/agentStore.ts:22
[  259878ms] [ERROR] [agentStore] Failed to load marketplace items: TypeError: Cannot read properties of undefined (reading 'agent:getAdapterMarketplace')
    at Object.loadMarketplaceItems (http://localhost:5173/src/renderer/store/agentStore.ts:36:45)
    at Object.hydrateOnStart (http://localhost:5173/src/renderer/store/agentStore.ts:401:11)
    at http://localhost:5173/src/renderer/App.tsx?t=1781579823928:99:30
    at Object.react_stack_bottom_frame (http://localhost:5173/node_modules/.vite/deps/react-dom_client.js?v=68f0809d:18567:20)
    at runWithFiberInDEV (http://localhost:5173/node_modules/.vite/deps/react-dom_client.js?v=68f0809d:997:72)
    at commitHookEffectListMount (http://localhost:5173/node_modules/.vite/deps/react-dom_client.js?v=68f0809d:9411:163)
    at commitHookPassiveMountEffects (http://localhost:5173/node_modules/.vite/deps/react-dom_client.js?v=68f0809d:9465:60)
    at reconnectPassiveEffects (http://localhost:5173/node_modules/.vite/deps/react-dom_client.js?v=68f0809d:11273:13)
    at recursivelyTraverseReconnectPassiveEffects (http://localhost:5173/node_modules/.vite/deps/react-dom_client.js?v=68f0809d:11240:11)
    at reconnectPassiveEffects (http://localhost:5173/node_modules/.vite/deps/react-dom_client.js?v=68f0809d:11317:13) @ http://localhost:5173/src/renderer/store/agentStore.ts:38
[  259884ms] TypeError: Cannot read properties of undefined (reading 'graph:list')
    at loadGraphs (http://localhost:5173/src/renderer/store/graphStore.ts:33:46)
    at http://localhost:5173/src/renderer/App.tsx?t=1781579823928:98:5
    at Object.react_stack_bottom_frame (http://localhost:5173/node_modules/.vite/deps/react-dom_client.js?v=68f0809d:18567:20)
    at runWithFiberInDEV (http://localhost:5173/node_modules/.vite/deps/react-dom_client.js?v=68f0809d:997:72)
    at commitHookEffectListMount (http://localhost:5173/node_modules/.vite/deps/react-dom_client.js?v=68f0809d:9411:163)
    at commitHookPassiveMountEffects (http://localhost:5173/node_modules/.vite/deps/react-dom_client.js?v=68f0809d:9465:60)
    at commitPassiveMountOnFiber (http://localhost:5173/node_modules/.vite/deps/react-dom_client.js?v=68f0809d:11040:29)
    at recursivelyTraversePassiveMountEffects (http://localhost:5173/node_modules/.vite/deps/react-dom_client.js?v=68f0809d:11010:13)
    at commitPassiveMountOnFiber (http://localhost:5173/node_modules/.vite/deps/react-dom_client.js?v=68f0809d:11201:13)
    at recursivelyTraversePassiveMountEffects (http://localhost:5173/node_modules/.vite/deps/react-dom_client.js?v=68f0809d:11010:13)
[  259885ms] TypeError: Cannot read properties of undefined (reading 'agent:listAdapters')
    at Object.loadAdapters (http://localhost:5173/src/renderer/store/agentStore.ts:15:46)
    at Object.hydrateOnStart (http://localhost:5173/src/renderer/store/agentStore.ts:400:11)
    at http://localhost:5173/src/renderer/App.tsx?t=1781579823928:99:30
    at Object.react_stack_bottom_frame (http://localhost:5173/node_modules/.vite/deps/react-dom_client.js?v=68f0809d:18567:20)
    at runWithFiberInDEV (http://localhost:5173/node_modules/.vite/deps/react-dom_client.js?v=68f0809d:997:72)
    at commitHookEffectListMount (http://localhost:5173/node_modules/.vite/deps/react-dom_client.js?v=68f0809d:9411:163)
    at commitHookPassiveMountEffects (http://localhost:5173/node_modules/.vite/deps/react-dom_client.js?v=68f0809d:9465:60)
    at commitPassiveMountOnFiber (http://localhost:5173/node_modules/.vite/deps/react-dom_client.js?v=68f0809d:11040:29)
    at recursivelyTraversePassiveMountEffects (http://localhost:5173/node_modules/.vite/deps/react-dom_client.js?v=68f0809d:11010:13)
    at commitPassiveMountOnFiber (http://localhost:5173/node_modules/.vite/deps/react-dom_client.js?v=68f0809d:11201:13)
[  259885ms] TypeError: Cannot read properties of undefined (reading 'graph:list')
    at loadGraphs (http://localhost:5173/src/renderer/store/graphStore.ts:33:46)
    at http://localhost:5173/src/renderer/App.tsx?t=1781579823928:98:5
    at Object.react_stack_bottom_frame (http://localhost:5173/node_modules/.vite/deps/react-dom_client.js?v=68f0809d:18567:20)
    at runWithFiberInDEV (http://localhost:5173/node_modules/.vite/deps/react-dom_client.js?v=68f0809d:997:72)
    at commitHookEffectListMount (http://localhost:5173/node_modules/.vite/deps/react-dom_client.js?v=68f0809d:9411:163)
    at commitHookPassiveMountEffects (http://localhost:5173/node_modules/.vite/deps/react-dom_client.js?v=68f0809d:9465:60)
    at reconnectPassiveEffects (http://localhost:5173/node_modules/.vite/deps/react-dom_client.js?v=68f0809d:11273:13)
    at recursivelyTraverseReconnectPassiveEffects (http://localhost:5173/node_modules/.vite/deps/react-dom_client.js?v=68f0809d:11240:11)
    at reconnectPassiveEffects (http://localhost:5173/node_modules/.vite/deps/react-dom_client.js?v=68f0809d:11317:13)
    at doubleInvokeEffectsOnFiber (http://localhost:5173/node_modules/.vite/deps/react-dom_client.js?v=68f0809d:13339:135)
[  259885ms] TypeError: Cannot read properties of undefined (reading 'agent:listAdapters')
    at Object.loadAdapters (http://localhost:5173/src/renderer/store/agentStore.ts:15:46)
    at Object.hydrateOnStart (http://localhost:5173/src/renderer/store/agentStore.ts:400:11)
    at http://localhost:5173/src/renderer/App.tsx?t=1781579823928:99:30
    at Object.react_stack_bottom_frame (http://localhost:5173/node_modules/.vite/deps/react-dom_client.js?v=68f0809d:18567:20)
    at runWithFiberInDEV (http://localhost:5173/node_modules/.vite/deps/react-dom_client.js?v=68f0809d:997:72)
    at commitHookEffectListMount (http://localhost:5173/node_modules/.vite/deps/react-dom_client.js?v=68f0809d:9411:163)
    at commitHookPassiveMountEffects (http://localhost:5173/node_modules/.vite/deps/react-dom_client.js?v=68f0809d:9465:60)
    at reconnectPassiveEffects (http://localhost:5173/node_modules/.vite/deps/react-dom_client.js?v=68f0809d:11273:13)
    at recursivelyTraverseReconnectPassiveEffects (http://localhost:5173/node_modules/.vite/deps/react-dom_client.js?v=68f0809d:11240:11)
    at reconnectPassiveEffects (http://localhost:5173/node_modules/.vite/deps/react-dom_client.js?v=68f0809d:11317:13)
